A D/assimp////
A D/bam////
A D/configfiles////
A D/converter////
A D/cvscopy////
A D/daeegg////
A D/daeprogs////
A D/dxf////
A D/dxfegg////
A D/dxfprogs////
A D/egg-mkfont////
A D/egg-optchar////
A D/egg-palettize////
A D/egg-palettize-old////
A D/egg-qtess////
A D/eggbase////
A D/eggcharbase////
A D/eggprogs////
A D/flt////
A D/fltegg////
A D/fltprogs////
A D/gtk-stats////
A D/gtkbase////
A D/imagebase////
A D/imageprogs////
A D/lwo////
A D/lwoegg////
A D/lwoprogs////
A D/maxegg////
A D/maxeggimport////
A D/maxprogs////
A D/maya////
A D/mayaegg////
A D/mayaeggimport////
A D/mayaprogs////
A D/miscprogs////
A D/objegg////
A D/objprogs////
A D/palettizer////
A D/pandatoolbase////
A D/pfmprogs////
A D/pnmtext////
A D/progbase////
A D/pstatserver////
A D/ptloader////
A D/scripts////
A D/softegg////
A D/softprogs////
A D/stitch////
A D/stitchbase////
A D/stitchviewer////
A D/text-stats////
A D/vrml////
A D/vrmlegg////
A D/vrmlprogs////
A D/win-stats////
A D/xfile////
A D/xfileegg////
A D/xfileprogs////
R D/stitchviewer////
R D/stitchbase////
R D/stitch////
R D/pnmtext////
R D/mayaeggimport////
R D/maxeggimport////
R D/gtkbase////
R D/egg-palettize-old////
