A D/android////
A D/androiddisplay////
A D/audio////
A D/audiotraits////
A D/awesomium////
A D/builder////
A D/bullet////
A D/cegui////
A D/cftalk////
A D/cg////
A D/chan////
A D/chancfg////
A D/char////
A D/chat////
A D/cocoadisplay////
A D/collada////
A D/collide////
A D/configfiles////
A D/crgsg////
A D/cull////
A D/device////
A D/dgraph////
A D/display////
A D/distort////
A D/doc////
A D/downloader////
A D/downloadertools////
A D/dxgsg////
A D/dxgsg7////
A D/dxgsg8////
A D/dxgsg9////
A D/dxml////
A D/effects////
A D/egg////
A D/egg2pg////
A D/egg2sg////
A D/egldisplay////
A D/event////
A D/express////
A D/ffmpeg////
A D/framework////
A D/gles2gsg////
A D/glesgsg////
A D/glgsg////
A D/glpure////
A D/glstuff////
A D/glutdisplay////
A D/glxdisplay////
A D/gobj////
A D/graph////
A D/grutil////
A D/gsgbase////
A D/gsgmisc////
A D/gui////
A D/helix////
A D/ipc////
A D/iphone////
A D/iphonedisplay////
A D/lerp////
A D/light////
A D/linmath////
A D/loader////
A D/mathutil////
A D/mesadisplay////
A D/movies////
A D/mpg123////
A D/nativenet////
A D/navigation////
A D/net////
A D/ode////
A D/osxdisplay////
A D/pandabase////
A D/parametrics////
A D/particlesystem////
A D/pgraph////
A D/pgraphnodes////
A D/pgui////
A D/physics////
A D/physx////
A D/pipeline////
A D/pnm////
A D/pnmimage////
A D/pnmimagetypes////
A D/pnmtext////
A D/ps2display////
A D/ps2gsg////
A D/pstatclient////
A D/putil////
A D/recorder////
A D/ribdisplay////
A D/ribgsg////
A D/rocket////
A D/sgattrib////
A D/sgidisplay////
A D/sgiglutdisplay////
A D/sgiglxdisplay////
A D/sgmanip////
A D/sgraph////
A D/sgraphutil////
A D/shader////
A D/skel////
A D/speedtree////
A D/switchnode////
A D/testbed////
A D/text////
A D/tform////
A D/tiff////
A D/tinydisplay////
A D/tinyxml////
A D/vision////
A D/vrpn////
A D/wcrdisplay////
A D/wdxdisplay////
A D/wdxdisplay8////
A D/wgldisplay////
A D/windisplay////
A D/x11display////
R D/wdxdisplay8////
R D/wdxdisplay////
R D/wcrdisplay////
R D/tinyxml////
R D/tiff////
R D/switchnode////
R D/shader////
R D/sgraphutil////
R D/sgraph////
R D/sgmanip////
R D/sgiglxdisplay////
R D/sgiglutdisplay////
R D/sgidisplay////
R D/sgattrib////
R D/ribgsg////
R D/ribdisplay////
R D/pnm////
R D/navigation////
R D/mpg123////
R D/loader////
R D/light////
R D/lerp////
R D/ipc////
R D/helix////
R D/gui////
R D/graph////
R D/glutdisplay////
R D/glpure////
R D/egg2sg////
R D/dxgsg7////
R D/dxgsg////
R D/crgsg////
R D/chat////
R D/chancfg////
R D/cg////
R D/cegui////
R D/builder////
