A D/actor////
A D/autorestart////
A D/cluster////
A D/configfiles////
A D/controls////
A D/dcparse////
A D/dcparser////
A D/deadrec////
A D/directbase////
A D/directd////
A D/directdServer////
A D/directdevices////
A D/directnotify////
A D/directscripts////
A D/directtools////
A D/directutil////
A D/distributed////
A D/doc////
A D/dxml////
A D/extensions////
A D/extensions_native////
A D/ffi////
A D/filter////
A D/fsm////
A D/gui////
A D/heapq////
A D/http////
A D/interval////
A D/level////
A D/leveleditor////
A D/motiontrail////
A D/net////
A D/p3d////
A D/particles////
A D/physics////
A D/plugin////
A D/plugin_activex////
A D/plugin_installer////
A D/plugin_npapi////
A D/plugin_standalone////
A D/pyinst////
A D/pyutil////
A D/showbase////
A D/showutil////
A D/stdpy////
A D/task////
A D/test////
A D/tkpanels////
A D/tkwidgets////
A D/wxwidgets////
R D/pyutil////
R D/net////
R D/level////
R D/dxml////
